<?xml version="1.0" encoding="UTF-8"?>
<testng-results skipped="0" failed="0" ignored="0" total="1" passed="1">
  <reporter-output>
  </reporter-output>
  <suite name="Default suite" duration-ms="28434" started-at="2019-01-14T09:08:53Z" finished-at="2019-01-14T09:09:22Z">
    <groups>
    </groups>
    <test name="Default test" duration-ms="28434" started-at="2019-01-14T09:08:53Z" finished-at="2019-01-14T09:09:22Z">
      <class name="org.testing.TestScripts.TC4">
        <test-method status="PASS" signature="browserInitiate()[pri:0, instance:org.testing.TestScripts.TC4@cb51256]" name="browserInitiate" is-config="true" duration-ms="11319" started-at="2019-01-14T09:08:53Z" finished-at="2019-01-14T09:09:05Z">
          <reporter-output>
          </reporter-output>
        </test-method> <!-- browserInitiate -->
        <test-method status="PASS" signature="fourthTestCase()[pri:0, instance:org.testing.TestScripts.TC4@cb51256]" name="fourthTestCase" duration-ms="17095" started-at="2019-01-14T09:09:05Z" finished-at="2019-01-14T09:09:22Z">
          <reporter-output>
          </reporter-output>
        </test-method> <!-- fourthTestCase -->
      </class> <!-- org.testing.TestScripts.TC4 -->
    </test> <!-- Default test -->
  </suite> <!-- Default suite -->
</testng-results>
