<?xml version="1.0" encoding="UTF-8"?>
<!-- Generated by org.testng.reporters.JUnitXMLReporter -->
<testsuite hostname="DESKTOP-KVV1592" ignored="0" name="Command line test a8c3c4bd-f925-426f-834f-9d6eeb286d61" tests="2" failures="0" timestamp="29 Jan 2019 11:00:36 GMT" time="96.539" errors="0">
  <testcase name="firstTestCase" time="11.371" classname="org.testing.TestScripts.TC1"/>
  <testcase name="thirdTestCase" time="23.346" classname="org.testing.TestScripts.TC3"/>
</testsuite> <!-- Command line test a8c3c4bd-f925-426f-834f-9d6eeb286d61 -->
